<?xml version="1.0" encoding="UTF-8"?>
<!-- Generated by org.testng.reporters.JUnitReportReporter -->
<testsuite hostname="DESKTOP-IMEL9II" failures="0" tests="2" name="com.crm.organization.CreateOrganizationTest" time="142.073" errors="0" timestamp="2022-10-16T13:02:42 IST" skipped="0">
  <testcase classname="com.crm.organization.CreateOrganizationTest" name="modifyOrg" time="85.058"/>
  <system-out/>
  <testcase classname="com.crm.organization.CreateOrganizationTest" name="createOrganizationTest" time="57.015"/>
  <system-out/>
</testsuite> <!-- com.crm.organization.CreateOrganizationTest -->
