<?xml version="1.0" encoding="UTF-8"?>
<!-- Generated by org.testng.reporters.JUnitReportReporter -->
<testsuite hostname="DESKTOP-IMEL9II" failures="0" tests="1" name="com.crm.Campaign.CreateCampaignTest" time="116.047" errors="0" timestamp="2022-10-06T22:01:08 IST" skipped="0">
  <testcase classname="com.crm.Campaign.CreateCampaignTest" name="createCampaignTest" time="116.047"/>
  <system-out/>
</testsuite> <!-- com.crm.Campaign.CreateCampaignTest -->
