<?xml version="1.0" encoding="UTF-8"?>
<!-- Generated by org.testng.reporters.JUnitReportReporter -->
<testsuite hostname="DESKTOP-IMEL9II" failures="0" tests="3" name="Practice.DataProviderTest1" time="51.925" errors="0" timestamp="2022-10-15T00:02:32 IST" skipped="0">
  <testcase classname="Practice.DataProviderTest1" name="ContactDetails" time="13.741"/>
  <system-out/>
  <testcase classname="Practice.DataProviderTest1" name="ContactDetails" time="23.764"/>
  <system-out/>
  <testcase classname="Practice.DataProviderTest1" name="ContactDetails" time="14.420"/>
  <system-out/>
</testsuite> <!-- Practice.DataProviderTest1 -->
