<?xml version="1.0" encoding="UTF-8"?>
<!-- Generated by org.testng.reporters.JUnitReportReporter -->
<testsuite hostname="DESKTOP-IMEL9II" failures="0" tests="5" name="Practice.DataproviderTest" time="0.043" errors="0" timestamp="2022-10-07T09:54:15 IST" skipped="0">
  <testcase classname="Practice.DataproviderTest" name="bookTicket" time="0.003"/>
  <system-out/>
  <testcase classname="Practice.DataproviderTest" name="bookTicket" time="0.010"/>
  <system-out/>
  <testcase classname="Practice.DataproviderTest" name="bookTicket" time="0.016"/>
  <system-out/>
  <testcase classname="Practice.DataproviderTest" name="bookTicket" time="0.006"/>
  <system-out/>
  <testcase classname="Practice.DataproviderTest" name="bookTicket" time="0.008"/>
  <system-out/>
</testsuite> <!-- Practice.DataproviderTest -->
