<?xml version="1.0" encoding="UTF-8"?>
<!-- Generated by org.testng.reporters.JUnitReportReporter -->
<testsuite hostname="DESKTOP-IMEL9II" failures="0" tests="1" name="Practice.RunParameter" time="12.669" errors="0" timestamp="2022-10-11T11:18:59 IST" skipped="0">
  <testcase classname="Practice.RunParameter" name="method" time="12.669"/>
  <system-out/>
</testsuite> <!-- Practice.RunParameter -->
