<?xml version="1.0" encoding="UTF-8"?>
<!-- Generated by org.testng.reporters.JUnitReportReporter -->
<testsuite hostname="DESKTOP-IMEL9II" failures="0" tests="3" name="Practice.Sample5" time="0.050" errors="0" timestamp="04 Oct 2022 06:11:23 GMT" skipped="0">
  <testcase classname="Practice.Sample5" name="createCustomerTest" time="0.031"/>
  <testcase classname="Practice.Sample5" name="modifyCustomerTest" time="0.011"/>
  <testcase classname="Practice.Sample5" name="deleteCustomerTest" time="0.008"/>
</testsuite> <!-- Practice.Sample5 -->
